0 verbose cli C:\Program Files\nodejs\node.exe C:\Program Files\nodejs\node_modules\npm\bin\npm-cli.js
1 info using npm@10.9.2
2 info using node@v22.14.0
3 silly config load:file:C:\Program Files\nodejs\node_modules\npm\npmrc
4 silly config load:file:C:\Dr.Scheduler\backend\.npmrc
5 silly config load:file:C:\Users\keert\.npmrc
6 silly config load:file:C:\Users\keert\AppData\Roaming\npm\etc\npmrc
7 verbose title npm install
8 verbose argv "install" "--logs-dir" "."
9 verbose logfile logs-max:10 dir:C:\Dr.Scheduler\backend\2025-04-12T15_03_54_309Z-
10 verbose logfile C:\Dr.Scheduler\backend\2025-04-12T15_03_54_309Z-debug-0.log
11 silly logfile done cleaning log files
12 silly packumentCache heap:4345298944 maxSize:1086324736 maxEntrySize:543162368
13 silly idealTree buildDeps
14 silly reify moves {}
15 silly audit bulk request {
15 silly audit   '@mapbox/node-pre-gyp': [ '1.0.11' ],
15 silly audit   '@mongodb-js/saslprep': [ '1.2.1' ],
15 silly audit   '@types/webidl-conversions': [ '7.0.3' ],
15 silly audit   '@types/whatwg-url': [ '11.0.5' ],
15 silly audit   abbrev: [ '1.1.1' ],
15 silly audit   accepts: [ '2.0.0' ],
15 silly audit   'agent-base': [ '6.0.2' ],
15 silly audit   'ansi-regex': [ '5.0.1' ],
15 silly audit   anymatch: [ '3.1.3' ],
15 silly audit   'append-field': [ '1.0.0' ],
15 silly audit   aproba: [ '2.0.0' ],
15 silly audit   'are-we-there-yet': [ '2.0.0' ],
15 silly audit   'readable-stream': [ '3.6.2', '2.3.8' ],
15 silly audit   'balanced-match': [ '1.0.2' ],
15 silly audit   bcrypt: [ '5.1.1' ],
15 silly audit   'binary-extensions': [ '2.3.0' ],
15 silly audit   'body-parser': [ '2.2.0' ],
15 silly audit   'brace-expansion': [ '1.1.11' ],
15 silly audit   braces: [ '3.0.3' ],
15 silly audit   bson: [ '6.10.3' ],
15 silly audit   'buffer-equal-constant-time': [ '1.0.1' ],
15 silly audit   'buffer-from': [ '1.1.2' ],
15 silly audit   busboy: [ '1.6.0' ],
15 silly audit   bytes: [ '3.1.2' ],
15 silly audit   'call-bind-apply-helpers': [ '1.0.2' ],
15 silly audit   'call-bound': [ '1.0.4' ],
15 silly audit   chokidar: [ '3.6.0' ],
15 silly audit   chownr: [ '2.0.0' ],
15 silly audit   cloudinary: [ '2.6.0' ],
15 silly audit   'color-support': [ '1.1.3' ],
15 silly audit   'concat-map': [ '0.0.1' ],
15 silly audit   'concat-stream': [ '1.6.2' ],
15 silly audit   'console-control-strings': [ '1.1.0' ],
15 silly audit   'content-disposition': [ '1.0.0' ],
15 silly audit   'content-type': [ '1.0.5' ],
15 silly audit   cookie: [ '0.7.2' ],
15 silly audit   'cookie-signature': [ '1.2.2' ],
15 silly audit   'core-util-is': [ '1.0.3' ],
15 silly audit   cors: [ '2.8.5' ],
15 silly audit   debug: [ '4.4.0' ],
15 silly audit   delegates: [ '1.0.0' ],
15 silly audit   depd: [ '2.0.0' ],
15 silly audit   'detect-libc': [ '2.0.3' ],
15 silly audit   dotenv: [ '16.4.7' ],
15 silly audit   'dunder-proto': [ '1.0.1' ],
15 silly audit   'ecdsa-sig-formatter': [ '1.0.11' ],
15 silly audit   'ee-first': [ '1.1.1' ],
15 silly audit   'emoji-regex': [ '8.0.0' ],
15 silly audit   encodeurl: [ '2.0.0' ],
15 silly audit   'es-define-property': [ '1.0.1' ],
15 silly audit   'es-errors': [ '1.3.0' ],
15 silly audit   'es-object-atoms': [ '1.1.1' ],
15 silly audit   'escape-html': [ '1.0.3' ],
15 silly audit   etag: [ '1.8.1' ],
15 silly audit   express: [ '5.1.0' ],
15 silly audit   'fill-range': [ '7.1.1' ],
15 silly audit   finalhandler: [ '2.1.0' ],
15 silly audit   forwarded: [ '0.2.0' ],
15 silly audit   fresh: [ '2.0.0' ],
15 silly audit   'fs-minipass': [ '2.1.0' ],
15 silly audit   minipass: [ '3.3.6', '5.0.0' ],
15 silly audit   'fs.realpath': [ '1.0.0' ],
15 silly audit   fsevents: [ '2.3.3' ],
15 silly audit   'function-bind': [ '1.1.2' ],
15 silly audit   gauge: [ '3.0.2' ],
15 silly audit   'get-intrinsic': [ '1.3.0' ],
15 silly audit   'get-proto': [ '1.0.1' ],
15 silly audit   glob: [ '7.2.3' ],
15 silly audit   'glob-parent': [ '5.1.2' ],
15 silly audit   gopd: [ '1.2.0' ],
15 silly audit   'has-flag': [ '3.0.0' ],
15 silly audit   'has-symbols': [ '1.1.0' ],
15 silly audit   'has-unicode': [ '2.0.1' ],
15 silly audit   hasown: [ '2.0.2' ],
15 silly audit   'http-errors': [ '2.0.0' ],
15 silly audit   'https-proxy-agent': [ '5.0.1' ],
15 silly audit   'iconv-lite': [ '0.6.3' ],
15 silly audit   'ignore-by-default': [ '1.0.1' ],
15 silly audit   inflight: [ '1.0.6' ],
15 silly audit   inherits: [ '2.0.4' ],
15 silly audit   'ipaddr.js': [ '1.9.1' ],
15 silly audit   'is-binary-path': [ '2.1.0' ],
15 silly audit   'is-extglob': [ '2.1.1' ],
15 silly audit   'is-fullwidth-code-point': [ '3.0.0' ],
15 silly audit   'is-glob': [ '4.0.3' ],
15 silly audit   'is-number': [ '7.0.0' ],
15 silly audit   'is-promise': [ '4.0.0' ],
15 silly audit   isarray: [ '1.0.0' ],
15 silly audit   jsonwebtoken: [ '9.0.2' ],
15 silly audit   jwa: [ '1.4.1' ],
15 silly audit   jws: [ '3.2.2' ],
15 silly audit   kareem: [ '2.6.3' ],
15 silly audit   lodash: [ '4.17.21' ],
15 silly audit   'lodash.includes': [ '4.3.0' ],
15 silly audit   'lodash.isboolean': [ '3.0.3' ],
15 silly audit   'lodash.isinteger': [ '4.0.4' ],
15 silly audit   'lodash.isnumber': [ '3.0.3' ],
15 silly audit   'lodash.isplainobject': [ '4.0.6' ],
15 silly audit   'lodash.isstring': [ '4.0.1' ],
15 silly audit   'lodash.once': [ '4.1.1' ],
15 silly audit   'make-dir': [ '3.1.0' ],
15 silly audit   semver: [ '6.3.1', '7.7.1' ],
15 silly audit   'math-intrinsics': [ '1.1.0' ],
15 silly audit   'media-typer': [ '1.1.0', '0.3.0' ],
15 silly audit   'memory-pager': [ '1.5.0' ],
15 silly audit   'merge-descriptors': [ '2.0.0' ],
15 silly audit   'mime-db': [ '1.54.0', '1.52.0' ],
15 silly audit   'mime-types': [ '3.0.1', '2.1.35' ],
15 silly audit   minimatch: [ '3.1.2' ],
15 silly audit   minimist: [ '1.2.8' ],
15 silly audit   minizlib: [ '2.1.2' ],
15 silly audit   mkdirp: [ '0.5.6', '1.0.4' ],
15 silly audit   mongodb: [ '6.15.0' ],
15 silly audit   'mongodb-connection-string-url': [ '3.0.2' ],
15 silly audit   mongoose: [ '8.13.2' ],
15 silly audit   mpath: [ '0.9.0' ],
15 silly audit   mquery: [ '5.0.0' ],
15 silly audit   ms: [ '2.1.3' ],
15 silly audit   multer: [ '1.4.5-lts.2' ],
15 silly audit   'type-is': [ '1.6.18', '2.0.1' ],
15 silly audit   negotiator: [ '1.0.0' ],
15 silly audit   'node-addon-api': [ '5.1.0' ],
15 silly audit   'node-fetch': [ '2.7.0' ],
15 silly audit   tr46: [ '0.0.3', '5.1.0' ],
15 silly audit   'webidl-conversions': [ '3.0.1', '7.0.0' ],
15 silly audit   'whatwg-url': [ '5.0.0', '14.2.0' ],
15 silly audit   nodemon: [ '3.1.9' ],
15 silly audit   nopt: [ '5.0.0' ],
15 silly audit   'normalize-path': [ '3.0.0' ],
15 silly audit   npmlog: [ '5.0.1' ],
15 silly audit   'object-assign': [ '4.1.1' ],
15 silly audit   'object-inspect': [ '1.13.4' ],
15 silly audit   'on-finished': [ '2.4.1' ],
15 silly audit   once: [ '1.4.0' ],
15 silly audit   parseurl: [ '1.3.3' ],
15 silly audit   'path-is-absolute': [ '1.0.1' ],
15 silly audit   'path-to-regexp': [ '8.2.0' ],
15 silly audit   picomatch: [ '2.3.1' ],
15 silly audit   'process-nextick-args': [ '2.0.1' ],
15 silly audit   'proxy-addr': [ '2.0.7' ],
15 silly audit   'pstree.remy': [ '1.1.8' ],
15 silly audit   punycode: [ '2.3.1' ],
15 silly audit   q: [ '1.5.1' ],
15 silly audit   qs: [ '6.14.0' ],
15 silly audit   'range-parser': [ '1.2.1' ],
15 silly audit   'raw-body': [ '3.0.0' ],
15 silly audit   'safe-buffer': [ '5.1.2', '5.2.1' ],
15 silly audit   readdirp: [ '3.6.0' ],
15 silly audit   rimraf: [ '3.0.2' ],
15 silly audit   router: [ '2.2.0' ],
15 silly audit   'safer-buffer': [ '2.1.2' ],
15 silly audit   send: [ '1.2.0' ],
15 silly audit   'serve-static': [ '2.2.0' ],
15 silly audit   'set-blocking': [ '2.0.0' ],
15 silly audit   setprototypeof: [ '1.2.0' ],
15 silly audit   'side-channel': [ '1.1.0' ],
15 silly audit   'side-channel-list': [ '1.0.0' ],
15 silly audit   'side-channel-map': [ '1.0.1' ],
15 silly audit   'side-channel-weakmap': [ '1.0.2' ],
15 silly audit   sift: [ '17.1.3' ],
15 silly audit   'signal-exit': [ '3.0.7' ],
15 silly audit   'simple-update-notifier': [ '2.0.0' ],
15 silly audit   'sparse-bitfield': [ '3.0.3' ],
15 silly audit   statuses: [ '2.0.1' ],
15 silly audit   streamsearch: [ '1.1.0' ],
15 silly audit   string_decoder: [ '1.1.1' ],
15 silly audit   'string-width': [ '4.2.3' ],
15 silly audit   'strip-ansi': [ '6.0.1' ],
15 silly audit   'supports-color': [ '5.5.0' ],
15 silly audit   tar: [ '6.2.1' ],
15 silly audit   'to-regex-range': [ '5.0.1' ],
15 silly audit   toidentifier: [ '1.0.1' ],
15 silly audit   touch: [ '3.1.1' ],
15 silly audit   typedarray: [ '0.0.6' ],
15 silly audit   undefsafe: [ '2.0.5' ],
15 silly audit   unpipe: [ '1.0.0' ],
15 silly audit   'util-deprecate': [ '1.0.2' ],
15 silly audit   validator: [ '13.15.0' ],
15 silly audit   vary: [ '1.1.2' ],
15 silly audit   'wide-align': [ '1.1.5' ],
15 silly audit   wrappy: [ '1.0.2' ],
15 silly audit   xtend: [ '4.0.2' ],
15 silly audit   yallist: [ '4.0.0' ]
15 silly audit }
16 verbose reify failed optional dependency C:\Dr.Scheduler\backend\node_modules\fsevents
17 silly reify mark deleted [ 'C:\\Dr.Scheduler\\backend\\node_modules\\fsevents' ]
18 http fetch POST 200 https://registry.npmjs.org/-/npm/v1/security/advisories/bulk 625ms
19 silly audit report {}
20 silly ADD
21 verbose cwd C:\Dr.Scheduler\backend
22 verbose os Windows_NT 10.0.26100
23 verbose node v22.14.0
24 verbose npm  v10.9.2
25 verbose exit 0
26 info ok
